#! /usr/bin/vvp
:ivl_version "10.3 (stable)";
:ivl_delay_selection "TYPICAL";
:vpi_time_precision + 0;
:vpi_module "system";
:vpi_module "vhdl_sys";
:vpi_module "v2005_math";
:vpi_module "va_math";
S_0x559bfddb40d0 .scope module, "comparator" "comparator" 2 1;
 .timescale 0 0;
    .port_info 0 /OUTPUT 8 "y_out"
    .port_info 1 /OUTPUT 1 "carry"
    .port_info 2 /OUTPUT 1 "zero"
    .port_info 3 /INOUT 8 "a_reg"
    .port_info 4 /INOUT 8 "b_reg"
    .port_info 5 /INPUT 1 "en_in"
L_0x7fe84e912018 .functor BUFT 1, C4<00000000>, C4<0>, C4<0>, C4<0>;
v0x559bfddb42f0_0 .net "a_reg", 7 0, L_0x7fe84e912018;  1 drivers
o0x7fe84e95b048 .functor BUFZ 8, C4<zzzzzzzz>; HiZ drive
v0x559bfddfad90_0 .net "b_reg", 7 0, o0x7fe84e95b048;  0 drivers
v0x559bfddfae70_0 .var "carry", 0 0;
o0x7fe84e95b0a8 .functor BUFZ 1, C4<z>; HiZ drive
v0x559bfddfaf10_0 .net "en_in", 0 0, o0x7fe84e95b0a8;  0 drivers
v0x559bfddfafd0_0 .var "y_out", 7 0;
v0x559bfddfb100_0 .var "zero", 0 0;
E_0x559bfdde9da0 .event edge, v0x559bfddfaf10_0, v0x559bfddb42f0_0, v0x559bfddfad90_0;
    .scope S_0x559bfddb40d0;
T_0 ;
    %wait E_0x559bfdde9da0;
    %load/vec4 v0x559bfddfaf10_0;
    %inv;
    %flag_set/vec4 8;
    %jmp/0xz  T_0.0, 8;
    %load/vec4 v0x559bfddb42f0_0;
    %load/vec4 v0x559bfddfad90_0;
    %cmp/u;
    %jmp/0xz  T_0.2, 5;
    %pushi/vec4 1, 0, 8;
    %store/vec4 v0x559bfddfafd0_0, 0, 8;
    %pushi/vec4 0, 0, 1;
    %store/vec4 v0x559bfddfae70_0, 0, 1;
    %pushi/vec4 0, 0, 1;
    %store/vec4 v0x559bfddfb100_0, 0, 1;
    %jmp T_0.3;
T_0.2 ;
    %load/vec4 v0x559bfddfad90_0;
    %load/vec4 v0x559bfddb42f0_0;
    %cmp/u;
    %jmp/0xz  T_0.4, 5;
    %pushi/vec4 128, 0, 8;
    %store/vec4 v0x559bfddfafd0_0, 0, 8;
    %pushi/vec4 0, 0, 1;
    %store/vec4 v0x559bfddfae70_0, 0, 1;
    %pushi/vec4 0, 0, 1;
    %store/vec4 v0x559bfddfb100_0, 0, 1;
    %jmp T_0.5;
T_0.4 ;
    %pushi/vec4 0, 0, 1;
    %store/vec4 v0x559bfddfae70_0, 0, 1;
    %pushi/vec4 1, 0, 1;
    %store/vec4 v0x559bfddfb100_0, 0, 1;
    %pushi/vec4 0, 0, 8;
    %store/vec4 v0x559bfddfafd0_0, 0, 8;
    %pushi/vec4 0, 0, 8;
    %force/vec4 v0x559bfddb42f0_0;
T_0.5 ;
T_0.3 ;
    %jmp T_0.1;
T_0.0 ;
    %pushi/vec4 0, 0, 8;
    %store/vec4 v0x559bfddfafd0_0, 0, 8;
    %pushi/vec4 0, 0, 1;
    %store/vec4 v0x559bfddfae70_0, 0, 1;
    %pushi/vec4 0, 0, 1;
    %store/vec4 v0x559bfddfb100_0, 0, 1;
T_0.1 ;
    %jmp T_0;
    .thread T_0, $push;
# The file index is used to find the file name in the following table.
:file_names 3;
    "N/A";
    "<interactive>";
    "comp.v";
